#
# A fatal error has been detected by the Java Runtime Environment:
#
#  EXCEPTION_ACCESS_VIOLATION (0xc0000005) at pc=0x06c7ff20, pid=8152, tid=3588
#
# JRE version: 6.0_18-b07
# Java VM: Java HotSpot(TM) Client VM (16.0-b13 mixed mode, sharing windows-x86 )
# Problematic frame:
# C  [ig4dev32.dll+0xff20]
#
# If you would like to submit a bug report, please visit:
#   http://java.sun.com/webapps/bugreport/crash.jsp
# The crash happened outside the Java Virtual Machine in native code.
# See problematic frame for where to report the bug.
#

---------------  T H R E A D  ---------------

Current thread (0x04a20400):  JavaThread "Animation Thread" [_thread_in_native, id=3588, stack(0x05480000,0x054d0000)]

siginfo: ExceptionCode=0xc0000005, writing address 0x00000000

Registers:
EAX=0x00000010, EBX=0x0068e680, ECX=0x00000003, EDX=0x00000060
ESP=0x054cf8ec, EBP=0x071811f8, ESI=0x00630b68, EDI=0x00683198
EIP=0x06c7ff20, EFLAGS=0x00010206

Top of Stack: (sp=0x054cf8ec)
0x054cf8ec:   00630b68 06c8015c 00000000 00000000
0x054cf8fc:   443f0000 43f48000 00000000 00630b68
0x054cf90c:   00004100 00000000 06c8067b 00004100
0x054cf91c:   00000000 00000000 000002fc 000002fc
0x054cf92c:   00000000 347b3510 00630b68 00004100
0x054cf93c:   ff666666 3ecccccd 3ecccccd 3ecccccd
0x054cf94c:   3f800000 0662d9c4 00000000 00000000
0x054cf95c:   000002fc 000001e9 054cf978 04a20400 

Instructions: (pc=0x06c7ff20)
0x06c7ff10:   04 83 c0 04 83 c0 04 83 c0 04 83 c1 03 89 4f 4c
0x06c7ff20:   d9 58 f0 d9 44 24 14 83 c0 04 d9 50 f0 83 c0 04 


Stack: [0x05480000,0x054d0000],  sp=0x054cf8ec,  free space=13e054cf3d0k
Native frames: (J=compiled Java code, j=interpreted, Vv=VM code, C=native code)
C  [ig4dev32.dll+0xff20]

Java frames: (J=compiled Java code, j=interpreted, Vv=VM code)
j  com.sun.opengl.impl.GLImpl.glClear(I)V+0
j  processing.opengl.PGraphicsOpenGL.backgroundImpl()V+29
j  processing.core.PGraphics.backgroundFromCalc()V+122
J  memeograph.renderer.processing.ProcessingApplet.draw()V
j  processing.core.PApplet.handleDraw()V+145
j  processing.core.PApplet.run()V+51
j  java.lang.Thread.run()V+11
v  ~StubRoutines::call_stub

---------------  P R O C E S S  ---------------

Java Threads: ( => current thread )
  0x06353000 JavaThread "DestroyJavaVM" [_thread_blocked, id=9004, stack(0x00200000,0x00250000)]
  0x06352800 JavaThread "Thread-5" [_thread_in_native, id=6184, stack(0x052d0000,0x05320000)]
  0x04b93800 JavaThread "Thread-6" [_thread_in_native, id=5368, stack(0x05120000,0x05170000)]
  0x04a69400 JavaThread "TimerQueue" daemon [_thread_blocked, id=1840, stack(0x05670000,0x056c0000)]
  0x00468800 JavaThread "AWT-EventQueue-0" [_thread_blocked, id=7112, stack(0x05510000,0x05560000)]
=>0x04a20400 JavaThread "Animation Thread" [_thread_in_native, id=3588, stack(0x05480000,0x054d0000)]
  0x049fac00 JavaThread "AWT-Windows" daemon [_thread_in_native, id=5344, stack(0x04f70000,0x04fc0000)]
  0x049fa800 JavaThread "AWT-Shutdown" [_thread_blocked, id=3540, stack(0x04ee0000,0x04f30000)]
  0x00523800 JavaThread "Java2D Disposer" daemon [_thread_blocked, id=7916, stack(0x04cf0000,0x04d40000)]
  0x00473000 JavaThread "Low Memory Detector" daemon [_thread_blocked, id=2816, stack(0x04910000,0x04960000)]
  0x00470c00 JavaThread "CompilerThread0" daemon [_thread_blocked, id=8600, stack(0x04880000,0x048d0000)]
  0x0046fc00 JavaThread "Attach Listener" daemon [_thread_blocked, id=5268, stack(0x047f0000,0x04840000)]
  0x0046cc00 JavaThread "Signal Dispatcher" daemon [_thread_blocked, id=5224, stack(0x04760000,0x047b0000)]
  0x00466c00 JavaThread "Finalizer" daemon [_thread_blocked, id=5116, stack(0x046d0000,0x04720000)]
  0x00462000 JavaThread "Reference Handler" daemon [_thread_blocked, id=8864, stack(0x04640000,0x04690000)]

Other Threads:
  0x00460c00 VMThread [stack: 0x045b0000,0x04600000] [id=7888]
  0x00478000 WatcherThread [stack: 0x049a0000,0x049f0000] [id=2284]

VM state:not at safepoint (normal execution)

VM Mutex/Monitor currently owned by a thread: None

Heap
 def new generation   total 4928K, used 1596K [0x24540000, 0x24a90000, 0x29a90000)
  eden space 4416K,  30% used [0x24540000, 0x24690be8, 0x24990000)
  from space 512K,  48% used [0x24a10000, 0x24a4e7a0, 0x24a90000)
  to   space 512K,   0% used [0x24990000, 0x24990000, 0x24a10000)
 tenured generation   total 10944K, used 5702K [0x29a90000, 0x2a540000, 0x34540000)
   the space 10944K,  52% used [0x29a90000, 0x2a021958, 0x2a021a00, 0x2a540000)
 compacting perm gen  total 12288K, used 4756K [0x34540000, 0x35140000, 0x38540000)
   the space 12288K,  38% used [0x34540000, 0x349e5110, 0x349e5200, 0x35140000)
    ro space 10240K,  54% used [0x38540000, 0x38ab8290, 0x38ab8400, 0x38f40000)
    rw space 12288K,  55% used [0x38f40000, 0x395dd1c0, 0x395dd200, 0x39b40000)

Dynamic libraries:
0x00400000 - 0x00424000 	C:\Program Files (x86)\Java\jdk1.6.0_18\jre\bin\java.exe
0x77490000 - 0x77610000 	C:\Windows\SysWOW64\ntdll.dll
0x76c40000 - 0x76d40000 	C:\Windows\syswow64\kernel32.dll
0x76bf0000 - 0x76c36000 	C:\Windows\syswow64\KERNELBASE.dll
0x75730000 - 0x757d0000 	C:\Windows\syswow64\ADVAPI32.dll
0x76a80000 - 0x76b2c000 	C:\Windows\syswow64\msvcrt.dll
0x750f0000 - 0x75109000 	C:\Windows\SysWOW64\sechost.dll
0x75110000 - 0x75200000 	C:\Windows\syswow64\RPCRT4.dll
0x75000000 - 0x75060000 	C:\Windows\syswow64\SspiCli.dll
0x74ff0000 - 0x74ffc000 	C:\Windows\syswow64\CRYPTBASE.dll
0x7c340000 - 0x7c396000 	C:\Program Files (x86)\Java\jdk1.6.0_18\jre\bin\msvcr71.dll
0x6d8b0000 - 0x6db47000 	C:\Program Files (x86)\Java\jdk1.6.0_18\jre\bin\client\jvm.dll
0x76820000 - 0x76920000 	C:\Windows\syswow64\USER32.dll
0x755d0000 - 0x75660000 	C:\Windows\syswow64\GDI32.dll
0x755c0000 - 0x755ca000 	C:\Windows\syswow64\LPK.dll
0x76650000 - 0x766ed000 	C:\Windows\syswow64\USP10.dll
0x70ab0000 - 0x70ae2000 	C:\Windows\system32\WINMM.dll
0x76b30000 - 0x76b90000 	C:\Windows\system32\IMM32.DLL
0x75660000 - 0x7572c000 	C:\Windows\syswow64\MSCTF.dll
0x70780000 - 0x707cb000 	C:\Windows\system32\apphelp.dll
0x6d860000 - 0x6d86c000 	C:\Program Files (x86)\Java\jdk1.6.0_18\jre\bin\verify.dll
0x6d3e0000 - 0x6d3ff000 	C:\Program Files (x86)\Java\jdk1.6.0_18\jre\bin\java.dll
0x6d340000 - 0x6d348000 	C:\Program Files (x86)\Java\jdk1.6.0_18\jre\bin\hpi.dll
0x77460000 - 0x77465000 	C:\Windows\syswow64\PSAPI.DLL
0x6d8a0000 - 0x6d8af000 	C:\Program Files (x86)\Java\jdk1.6.0_18\jre\bin\zip.dll
0x6d0b0000 - 0x6d1fa000 	C:\Program Files (x86)\Java\jdk1.6.0_18\jre\bin\awt.dll
0x71e50000 - 0x71ea1000 	C:\Windows\system32\WINSPOOL.DRV
0x76d40000 - 0x76e9c000 	C:\Windows\syswow64\ole32.dll
0x70560000 - 0x706fe000 	C:\Windows\WinSxS\x86_microsoft.windows.common-controls_6595b64144ccf1df_6.0.7600.16661_none_420fe3fa2b8113bd\COMCTL32.dll
0x75560000 - 0x755b7000 	C:\Windows\syswow64\SHLWAPI.dll
0x6e560000 - 0x6e573000 	C:\Windows\system32\DWMAPI.DLL
0x70700000 - 0x70780000 	C:\Windows\system32\uxtheme.dll
0x6d2e0000 - 0x6d334000 	C:\Program Files (x86)\Java\jdk1.6.0_18\jre\bin\fontmanager.dll
0x75970000 - 0x765b9000 	C:\Windows\syswow64\shell32.dll
0x6d6c0000 - 0x6d6d3000 	C:\Program Files (x86)\Java\jdk1.6.0_18\jre\bin\net.dll
0x76a40000 - 0x76a75000 	C:\Windows\syswow64\WS2_32.dll
0x76f30000 - 0x76f36000 	C:\Windows\syswow64\NSI.dll
0x73550000 - 0x7358c000 	C:\Windows\system32\mswsock.dll
0x72020000 - 0x72026000 	C:\Windows\System32\wship6.dll
0x6d6e0000 - 0x6d6e9000 	C:\Program Files (x86)\Java\jdk1.6.0_18\jre\bin\nio.dll
0x75060000 - 0x750e3000 	C:\Windows\syswow64\CLBCatQ.DLL
0x76ea0000 - 0x76f2f000 	C:\Windows\syswow64\OLEAUT32.dll
0x10000000 - 0x1004d000 	C:\Users\mwaldron74\Desktop\Stuff\Memeograph\lib\jogl\windows32\jogl.dll
0x6a980000 - 0x6aa48000 	C:\Windows\system32\OPENGL32.dll
0x6ad50000 - 0x6ad72000 	C:\Windows\system32\GLU32.dll
0x68a60000 - 0x68b47000 	C:\Windows\system32\DDRAW.dll
0x68a50000 - 0x68a56000 	C:\Windows\system32\DCIMAN32.dll
0x757d0000 - 0x7596d000 	C:\Windows\syswow64\SETUPAPI.dll
0x77010000 - 0x77037000 	C:\Windows\syswow64\CFGMGR32.dll
0x75200000 - 0x75212000 	C:\Windows\syswow64\DEVOBJ.dll
0x6d410000 - 0x6d416000 	C:\Program Files (x86)\Java\jdk1.6.0_18\jre\bin\jawt.dll
0x05410000 - 0x05415000 	C:\Users\mwaldron74\Desktop\Stuff\Memeograph\lib\jogl\windows32\jogl_awt.dll
0x06600000 - 0x06bd2000 	C:\Windows\system32\ig4icd32.dll
0x06c70000 - 0x0702e000 	C:\Windows\system32\ig4dev32.dll
0x73590000 - 0x735a0000 	C:\Windows\system32\NLAapi.dll
0x734c0000 - 0x73504000 	C:\Windows\system32\DNSAPI.dll
0x734b0000 - 0x734b8000 	C:\Windows\System32\winrnr.dll
0x734a0000 - 0x734b0000 	C:\Windows\system32\napinsp.dll
0x73530000 - 0x73542000 	C:\Windows\system32\pnrpnsp.dll
0x73520000 - 0x7352d000 	C:\Windows\system32\wshbth.dll
0x73470000 - 0x73495000 	C:\Program Files (x86)\Bonjour\mdnsNSP.dll
0x73450000 - 0x7346c000 	C:\Windows\system32\Iphlpapi.DLL
0x73510000 - 0x73517000 	C:\Windows\system32\WINNSI.DLL
0x720c0000 - 0x720c5000 	C:\Windows\System32\wshtcpip.dll
0x70b50000 - 0x70b56000 	C:\Windows\system32\rasadhlp.dll
0x70360000 - 0x70398000 	C:\Windows\System32\fwpuclnt.dll

VM Arguments:
jvm_args: -Djava.library.path=C:\Users\mwaldron74\Desktop\Stuff\Memeograph\lib\jogl\windows32 
java_command: memeograph.Memeographer +useopengl=true +jdigrapher.savefile=graph.object  +sourcepath=src/examples/java -cp bin/examples/java BSTExample 
Launcher Type: SUN_STANDARD

Environment Variables:
CLASSPATH=.;C:\Program Files (x86)\Java\jre6\lib\ext\QTJava.zip
PATH=C:\Windows\system32;C:\Windows;C:\Windows\System32\Wbem;C:\Windows\System32\WindowsPowerShell\v1.0\;C:\Program Files (x86)\Common Files\Roxio Shared\10.0\DLLShared\;C:\Program Files (x86)\Common Files\Roxio Shared\DLLShared\;C:\Program Files (x86)\QuickTime\QTSystem\
USERNAME=mwaldron74
OS=Windows_NT
PROCESSOR_IDENTIFIER=Intel64 Family 6 Model 23 Stepping 10, GenuineIntel



---------------  S Y S T E M  ---------------

OS: Windows 7 Build 7600 

CPU:total 2 (2 cores per cpu, 1 threads per core) family 6 model 23 stepping 10, cmov, cx8, fxsr, mmx, sse, sse2, sse3, ssse3

Memory: 4k page, physical 4029460k(2053108k free), swap 8057024k(5657760k free)

vm_info: Java HotSpot(TM) Client VM (16.0-b13) for windows-x86 JRE (1.6.0_18-b07), built on Dec 17 2009 13:35:55 by "java_re" with MS VC++ 7.1 (VS2003)

time: Tue May 10 16:53:59 2011
elapsed time: 12 seconds

