#
# A fatal error has been detected by the Java Runtime Environment:
#
#  EXCEPTION_ACCESS_VIOLATION (0xc0000005) at pc=0x0696ff20, pid=6792, tid=7380
#
# JRE version: 6.0_18-b07
# Java VM: Java HotSpot(TM) Client VM (16.0-b13 mixed mode, sharing windows-x86 )
# Problematic frame:
# C  [ig4dev32.dll+0xff20]
#
# If you would like to submit a bug report, please visit:
#   http://java.sun.com/webapps/bugreport/crash.jsp
# The crash happened outside the Java Virtual Machine in native code.
# See problematic frame for where to report the bug.
#

---------------  T H R E A D  ---------------

Current thread (0x046c1400):  JavaThread "Animation Thread" [_thread_in_native, id=7380, stack(0x05130000,0x05180000)]

siginfo: ExceptionCode=0xc0000005, writing address 0x00000000

Registers:
EAX=0x00000010, EBX=0x07f38c48, ECX=0x00000003, EDX=0x00000060
ESP=0x0517f8fc, EBP=0x06e90ff0, ESI=0x0025ede8, EDI=0x002b1418
EIP=0x0696ff20, EFLAGS=0x00010206

Top of Stack: (sp=0x0517f8fc)
0x0517f8fc:   0025ede8 0697015c 00000000 00000000
0x0517f90c:   443f0000 43f48000 00000000 0025ede8
0x0517f91c:   00004100 00000000 0697067b 00004100
0x0517f92c:   00000000 00000000 000002fc 000002fc
0x0517f93c:   00000000 347b1c18 0025ede8 00004100
0x0517f94c:   ff666666 3ecccccd 3ecccccd 3ecccccd
0x0517f95c:   3f800000 0624d9c4 00000000 00000000
0x0517f96c:   000002fc 000001e9 0517f988 046c1400 

Instructions: (pc=0x0696ff20)
0x0696ff10:   04 83 c0 04 83 c0 04 83 c0 04 83 c1 03 89 4f 4c
0x0696ff20:   d9 58 f0 d9 44 24 14 83 c0 04 d9 50 f0 83 c0 04 


Stack: [0x05130000,0x05180000],  sp=0x0517f8fc,  free space=13e0517f3e0k
Native frames: (J=compiled Java code, j=interpreted, Vv=VM code, C=native code)
C  [ig4dev32.dll+0xff20]

Java frames: (J=compiled Java code, j=interpreted, Vv=VM code)
J  com.sun.opengl.impl.GLImpl.glClear(I)V
j  processing.opengl.PGraphicsOpenGL.backgroundImpl()V+29
j  processing.core.PGraphics.backgroundFromCalc()V+122
J  memeograph.renderer.processing.ProcessingApplet.draw()V
j  processing.core.PApplet.handleDraw()V+145
j  processing.core.PApplet.run()V+51
j  java.lang.Thread.run()V+11
v  ~StubRoutines::call_stub

---------------  P R O C E S S  ---------------

Java Threads: ( => current thread )
  0x046fdc00 JavaThread "DestroyJavaVM" [_thread_blocked, id=6640, stack(0x01f20000,0x01f70000)]
  0x046fd400 JavaThread "Thread-5" [_thread_in_native, id=6808, stack(0x04f80000,0x04fd0000)]
  0x05e8a800 JavaThread "Thread-6" [_thread_in_native, id=6472, stack(0x04dd0000,0x04e20000)]
  0x04738400 JavaThread "TimerQueue" daemon [_thread_blocked, id=6156, stack(0x05cd0000,0x05d20000)]
  0x046ac000 JavaThread "AWT-EventQueue-0" [_thread_blocked, id=6500, stack(0x051c0000,0x05210000)]
=>0x046c1400 JavaThread "Animation Thread" [_thread_in_native, id=7380, stack(0x05130000,0x05180000)]
  0x0469ac00 JavaThread "AWT-Windows" daemon [_thread_in_native, id=7504, stack(0x04c20000,0x04c70000)]
  0x0469a800 JavaThread "AWT-Shutdown" [_thread_blocked, id=8156, stack(0x04b90000,0x04be0000)]
  0x02065400 JavaThread "Java2D Disposer" daemon [_thread_blocked, id=2092, stack(0x04a10000,0x04a60000)]
  0x01fb6400 JavaThread "Low Memory Detector" daemon [_thread_blocked, id=6268, stack(0x045b0000,0x04600000)]
  0x01fae800 JavaThread "CompilerThread0" daemon [_thread_blocked, id=6620, stack(0x04520000,0x04570000)]
  0x01fad800 JavaThread "Attach Listener" daemon [_thread_blocked, id=6180, stack(0x04490000,0x044e0000)]
  0x01faac00 JavaThread "Signal Dispatcher" daemon [_thread_blocked, id=3908, stack(0x04400000,0x04450000)]
  0x01fa3400 JavaThread "Finalizer" daemon [_thread_blocked, id=5192, stack(0x04370000,0x043c0000)]
  0x01fa2000 JavaThread "Reference Handler" daemon [_thread_blocked, id=7804, stack(0x042e0000,0x04330000)]

Other Threads:
  0x01fa0c00 VMThread [stack: 0x04250000,0x042a0000] [id=6896]
  0x01fb8000 WatcherThread [stack: 0x04640000,0x04690000] [id=7696]

VM state:not at safepoint (normal execution)

VM Mutex/Monitor currently owned by a thread: None

Heap
 def new generation   total 4928K, used 951K [0x24540000, 0x24a90000, 0x29a90000)
  eden space 4416K,  20% used [0x24540000, 0x24625348, 0x24990000)
  from space 512K,   6% used [0x24a10000, 0x24a18c28, 0x24a90000)
  to   space 512K,   0% used [0x24990000, 0x24990000, 0x24a10000)
 tenured generation   total 10944K, used 5957K [0x29a90000, 0x2a540000, 0x34540000)
   the space 10944K,  54% used [0x29a90000, 0x2a0615c0, 0x2a061600, 0x2a540000)
 compacting perm gen  total 12288K, used 4750K [0x34540000, 0x35140000, 0x38540000)
   the space 12288K,  38% used [0x34540000, 0x349e3868, 0x349e3a00, 0x35140000)
    ro space 10240K,  54% used [0x38540000, 0x38ab8290, 0x38ab8400, 0x38f40000)
    rw space 12288K,  55% used [0x38f40000, 0x395dd1c0, 0x395dd200, 0x39b40000)

Dynamic libraries:
0x00400000 - 0x00424000 	C:\Program Files (x86)\Java\jdk1.6.0_18\jre\bin\java.exe
0x775c0000 - 0x77740000 	C:\Windows\SysWOW64\ntdll.dll
0x75ac0000 - 0x75bc0000 	C:\Windows\syswow64\kernel32.dll
0x75480000 - 0x754c6000 	C:\Windows\syswow64\KERNELBASE.dll
0x77120000 - 0x771c0000 	C:\Windows\syswow64\ADVAPI32.dll
0x754d0000 - 0x7557c000 	C:\Windows\syswow64\msvcrt.dll
0x75d50000 - 0x75d69000 	C:\Windows\SysWOW64\sechost.dll
0x760e0000 - 0x761d0000 	C:\Windows\syswow64\RPCRT4.dll
0x75130000 - 0x75190000 	C:\Windows\syswow64\SspiCli.dll
0x75120000 - 0x7512c000 	C:\Windows\syswow64\CRYPTBASE.dll
0x7c340000 - 0x7c396000 	C:\Program Files (x86)\Java\jdk1.6.0_18\jre\bin\msvcr71.dll
0x6d8b0000 - 0x6db47000 	C:\Program Files (x86)\Java\jdk1.6.0_18\jre\bin\client\jvm.dll
0x75bc0000 - 0x75cc0000 	C:\Windows\syswow64\USER32.dll
0x77090000 - 0x77120000 	C:\Windows\syswow64\GDI32.dll
0x75f00000 - 0x75f0a000 	C:\Windows\syswow64\LPK.dll
0x757b0000 - 0x7584d000 	C:\Windows\syswow64\USP10.dll
0x72e30000 - 0x72e62000 	C:\Windows\system32\WINMM.dll
0x75580000 - 0x755e0000 	C:\Windows\system32\IMM32.DLL
0x753b0000 - 0x7547c000 	C:\Windows\syswow64\MSCTF.dll
0x71410000 - 0x7145b000 	C:\Windows\system32\apphelp.dll
0x6d860000 - 0x6d86c000 	C:\Program Files (x86)\Java\jdk1.6.0_18\jre\bin\verify.dll
0x6d3e0000 - 0x6d3ff000 	C:\Program Files (x86)\Java\jdk1.6.0_18\jre\bin\java.dll
0x6d340000 - 0x6d348000 	C:\Program Files (x86)\Java\jdk1.6.0_18\jre\bin\hpi.dll
0x77590000 - 0x77595000 	C:\Windows\syswow64\PSAPI.DLL
0x6d8a0000 - 0x6d8af000 	C:\Program Files (x86)\Java\jdk1.6.0_18\jre\bin\zip.dll
0x6d0b0000 - 0x6d1fa000 	C:\Program Files (x86)\Java\jdk1.6.0_18\jre\bin\awt.dll
0x73280000 - 0x732d1000 	C:\Windows\system32\WINSPOOL.DRV
0x75250000 - 0x753ac000 	C:\Windows\syswow64\ole32.dll
0x72f60000 - 0x730fe000 	C:\Windows\WinSxS\x86_microsoft.windows.common-controls_6595b64144ccf1df_6.0.7600.16661_none_420fe3fa2b8113bd\COMCTL32.dll
0x77030000 - 0x77087000 	C:\Windows\syswow64\SHLWAPI.dll
0x75080000 - 0x75093000 	C:\Windows\system32\DWMAPI.DLL
0x71390000 - 0x71410000 	C:\Windows\system32\uxtheme.dll
0x6d2e0000 - 0x6d334000 	C:\Program Files (x86)\Java\jdk1.6.0_18\jre\bin\fontmanager.dll
0x763e0000 - 0x77029000 	C:\Windows\syswow64\shell32.dll
0x6d6c0000 - 0x6d6d3000 	C:\Program Files (x86)\Java\jdk1.6.0_18\jre\bin\net.dll
0x760a0000 - 0x760d5000 	C:\Windows\syswow64\WS2_32.dll
0x75d70000 - 0x75d76000 	C:\Windows\syswow64\NSI.dll
0x749e0000 - 0x74a1c000 	C:\Windows\system32\mswsock.dll
0x734b0000 - 0x734b6000 	C:\Windows\System32\wship6.dll
0x6d6e0000 - 0x6d6e9000 	C:\Program Files (x86)\Java\jdk1.6.0_18\jre\bin\nio.dll
0x75cc0000 - 0x75d43000 	C:\Windows\syswow64\CLBCatQ.DLL
0x759a0000 - 0x75a2f000 	C:\Windows\syswow64\OLEAUT32.dll
0x10000000 - 0x1004d000 	C:\Users\mwaldron74\Desktop\Stuff\Memeograph\lib\jogl\windows32\jogl.dll
0x5a340000 - 0x5a408000 	C:\Windows\system32\OPENGL32.dll
0x61290000 - 0x612b2000 	C:\Windows\system32\GLU32.dll
0x6a130000 - 0x6a217000 	C:\Windows\system32\DDRAW.dll
0x05210000 - 0x05216000 	C:\Windows\system32\DCIMAN32.dll
0x75610000 - 0x757ad000 	C:\Windows\syswow64\SETUPAPI.dll
0x75220000 - 0x75247000 	C:\Windows\syswow64\CFGMGR32.dll
0x751a0000 - 0x751b2000 	C:\Windows\syswow64\DEVOBJ.dll
0x6d410000 - 0x6d416000 	C:\Program Files (x86)\Java\jdk1.6.0_18\jre\bin\jawt.dll
0x05330000 - 0x05335000 	C:\Users\mwaldron74\Desktop\Stuff\Memeograph\lib\jogl\windows32\jogl_awt.dll
0x06220000 - 0x067f2000 	C:\Windows\system32\ig4icd32.dll
0x06960000 - 0x06d1e000 	C:\Windows\system32\ig4dev32.dll
0x74a20000 - 0x74a30000 	C:\Windows\system32\NLAapi.dll
0x74990000 - 0x749d4000 	C:\Windows\system32\DNSAPI.dll
0x74980000 - 0x74988000 	C:\Windows\System32\winrnr.dll
0x74970000 - 0x74980000 	C:\Windows\system32\napinsp.dll
0x74950000 - 0x74962000 	C:\Windows\system32\pnrpnsp.dll
0x74940000 - 0x7494d000 	C:\Windows\system32\wshbth.dll
0x74910000 - 0x74935000 	C:\Program Files (x86)\Bonjour\mdnsNSP.dll
0x748f0000 - 0x7490c000 	C:\Windows\system32\Iphlpapi.DLL
0x748e0000 - 0x748e7000 	C:\Windows\system32\WINNSI.DLL
0x73550000 - 0x73555000 	C:\Windows\System32\wshtcpip.dll
0x73480000 - 0x73486000 	C:\Windows\system32\rasadhlp.dll
0x73370000 - 0x733a8000 	C:\Windows\System32\fwpuclnt.dll

VM Arguments:
jvm_args: -Djava.library.path=C:\Users\mwaldron74\Desktop\Stuff\Memeograph\lib\jogl\windows32 
java_command: memeograph.Memeographer +useopengl=true +jdigrapher.savefile=graph.object  +sourcepath=src/examples/java -cp bin/examples/java BSTExample 
Launcher Type: SUN_STANDARD

Environment Variables:
CLASSPATH=.;C:\Program Files (x86)\Java\jre6\lib\ext\QTJava.zip
PATH=C:\Windows\system32;C:\Windows;C:\Windows\System32\Wbem;C:\Windows\System32\WindowsPowerShell\v1.0\;C:\Program Files (x86)\Common Files\Roxio Shared\10.0\DLLShared\;C:\Program Files (x86)\Common Files\Roxio Shared\DLLShared\;C:\Program Files (x86)\QuickTime\QTSystem\
USERNAME=mwaldron74
OS=Windows_NT
PROCESSOR_IDENTIFIER=Intel64 Family 6 Model 23 Stepping 10, GenuineIntel



---------------  S Y S T E M  ---------------

OS: Windows 7 Build 7600 

CPU:total 2 (2 cores per cpu, 1 threads per core) family 6 model 23 stepping 10, cmov, cx8, fxsr, mmx, sse, sse2, sse3, ssse3

Memory: 4k page, physical 4029460k(1949356k free), swap 8057024k(5595992k free)

vm_info: Java HotSpot(TM) Client VM (16.0-b13) for windows-x86 JRE (1.6.0_18-b07), built on Dec 17 2009 13:35:55 by "java_re" with MS VC++ 7.1 (VS2003)

time: Wed Apr 27 11:46:30 2011
elapsed time: 29 seconds

