#
# A fatal error has been detected by the Java Runtime Environment:
#
#  EXCEPTION_ACCESS_VIOLATION (0xc0000005) at pc=0x0691ff20, pid=1600, tid=6924
#
# JRE version: 6.0_18-b07
# Java VM: Java HotSpot(TM) Client VM (16.0-b13 mixed mode, sharing windows-x86 )
# Problematic frame:
# C  [ig4dev32.dll+0xff20]
#
# If you would like to submit a bug report, please visit:
#   http://java.sun.com/webapps/bugreport/crash.jsp
# The crash happened outside the Java Virtual Machine in native code.
# See problematic frame for where to report the bug.
#

---------------  T H R E A D  ---------------

Current thread (0x046eb000):  JavaThread "Animation Thread" [_thread_in_native, id=6924, stack(0x05160000,0x051b0000)]

siginfo: ExceptionCode=0xc0000005, writing address 0x00000000

Registers:
EAX=0x00000010, EBX=0x06dc5a08, ECX=0x00000003, EDX=0x00000060
ESP=0x051af8ec, EBP=0x06dc0a48, ESI=0x00380ae8, EDI=0x003d3118
EIP=0x0691ff20, EFLAGS=0x00010206

Top of Stack: (sp=0x051af8ec)
0x051af8ec:   00380ae8 0692015c 00000000 00000000
0x051af8fc:   443f0000 43f48000 00000000 00380ae8
0x051af90c:   00004100 00000000 0692067b 00004100
0x051af91c:   00000000 00000000 000002fc 000002fc
0x051af92c:   00000000 347b1c48 00380ae8 00004100
0x051af93c:   ff666666 3ecccccd 3ecccccd 3ecccccd
0x051af94c:   3f800000 0624d9c4 00000000 00000000
0x051af95c:   000002fc 000001e9 051af978 046eb000 

Instructions: (pc=0x0691ff20)
0x0691ff10:   04 83 c0 04 83 c0 04 83 c0 04 83 c1 03 89 4f 4c
0x0691ff20:   d9 58 f0 d9 44 24 14 83 c0 04 d9 50 f0 83 c0 04 


Stack: [0x05160000,0x051b0000],  sp=0x051af8ec,  free space=13e051af3d0k
Native frames: (J=compiled Java code, j=interpreted, Vv=VM code, C=native code)
C  [ig4dev32.dll+0xff20]

Java frames: (J=compiled Java code, j=interpreted, Vv=VM code)
j  com.sun.opengl.impl.GLImpl.glClear(I)V+0
j  processing.opengl.PGraphicsOpenGL.backgroundImpl()V+29
j  processing.core.PGraphics.backgroundFromCalc()V+122
J  memeograph.renderer.processing.ProcessingApplet.draw()V
j  processing.core.PApplet.handleDraw()V+145
j  processing.core.PApplet.run()V+51
j  java.lang.Thread.run()V+11
v  ~StubRoutines::call_stub

---------------  P R O C E S S  ---------------

Java Threads: ( => current thread )
  0x060b5400 JavaThread "DestroyJavaVM" [_thread_blocked, id=3528, stack(0x00530000,0x00580000)]
  0x060b5000 JavaThread "Thread-5" [_thread_in_native, id=7508, stack(0x04fd0000,0x05020000)]
  0x0600e800 JavaThread "Thread-6" [_thread_in_native, id=7064, stack(0x04e20000,0x04e70000)]
  0x04765000 JavaThread "TimerQueue" daemon [_thread_blocked, id=8172, stack(0x05340000,0x05390000)]
  0x04702800 JavaThread "AWT-EventQueue-0" [_thread_blocked, id=7640, stack(0x051f0000,0x05240000)]
=>0x046eb000 JavaThread "Animation Thread" [_thread_in_native, id=6924, stack(0x05160000,0x051b0000)]
  0x046da400 JavaThread "AWT-Windows" daemon [_thread_in_native, id=8956, stack(0x04c70000,0x04cc0000)]
  0x00975c00 JavaThread "AWT-Shutdown" [_thread_blocked, id=8728, stack(0x04be0000,0x04c30000)]
  0x00973000 JavaThread "Java2D Disposer" daemon [_thread_blocked, id=4556, stack(0x04b50000,0x04ba0000)]
  0x008c3000 JavaThread "Low Memory Detector" daemon [_thread_blocked, id=8864, stack(0x045f0000,0x04640000)]
  0x008c0c00 JavaThread "CompilerThread0" daemon [_thread_blocked, id=4936, stack(0x04560000,0x045b0000)]
  0x008bfc00 JavaThread "Attach Listener" daemon [_thread_blocked, id=2908, stack(0x044d0000,0x04520000)]
  0x008bcc00 JavaThread "Signal Dispatcher" daemon [_thread_blocked, id=8968, stack(0x04440000,0x04490000)]
  0x008b6c00 JavaThread "Finalizer" daemon [_thread_blocked, id=6916, stack(0x043b0000,0x04400000)]
  0x008b2000 JavaThread "Reference Handler" daemon [_thread_blocked, id=3244, stack(0x04320000,0x04370000)]

Other Threads:
  0x008b0c00 VMThread [stack: 0x04290000,0x042e0000] [id=4528]
  0x008c4800 WatcherThread [stack: 0x04680000,0x046d0000] [id=7544]

VM state:not at safepoint (normal execution)

VM Mutex/Monitor currently owned by a thread: None

Heap
 def new generation   total 4928K, used 1408K [0x24540000, 0x24a90000, 0x29a90000)
  eden space 4416K,  31% used [0x24540000, 0x2469f470, 0x24990000)
  from space 512K,   0% used [0x24990000, 0x24990c10, 0x24a10000)
  to   space 512K,   0% used [0x24a10000, 0x24a10000, 0x24a90000)
 tenured generation   total 10944K, used 5993K [0x29a90000, 0x2a540000, 0x34540000)
   the space 10944K,  54% used [0x29a90000, 0x2a06a520, 0x2a06a600, 0x2a540000)
 compacting perm gen  total 12288K, used 4752K [0x34540000, 0x35140000, 0x38540000)
   the space 12288K,  38% used [0x34540000, 0x349e4000, 0x349e4000, 0x35140000)
    ro space 10240K,  54% used [0x38540000, 0x38ab8290, 0x38ab8400, 0x38f40000)
    rw space 12288K,  55% used [0x38f40000, 0x395dd1c0, 0x395dd200, 0x39b40000)

Dynamic libraries:
0x00400000 - 0x00424000 	C:\Program Files (x86)\Java\jdk1.6.0_18\jre\bin\java.exe
0x775c0000 - 0x77740000 	C:\Windows\SysWOW64\ntdll.dll
0x75ac0000 - 0x75bc0000 	C:\Windows\syswow64\kernel32.dll
0x75480000 - 0x754c6000 	C:\Windows\syswow64\KERNELBASE.dll
0x77120000 - 0x771c0000 	C:\Windows\syswow64\ADVAPI32.dll
0x754d0000 - 0x7557c000 	C:\Windows\syswow64\msvcrt.dll
0x75d50000 - 0x75d69000 	C:\Windows\SysWOW64\sechost.dll
0x760e0000 - 0x761d0000 	C:\Windows\syswow64\RPCRT4.dll
0x75130000 - 0x75190000 	C:\Windows\syswow64\SspiCli.dll
0x75120000 - 0x7512c000 	C:\Windows\syswow64\CRYPTBASE.dll
0x7c340000 - 0x7c396000 	C:\Program Files (x86)\Java\jdk1.6.0_18\jre\bin\msvcr71.dll
0x6d8b0000 - 0x6db47000 	C:\Program Files (x86)\Java\jdk1.6.0_18\jre\bin\client\jvm.dll
0x75bc0000 - 0x75cc0000 	C:\Windows\syswow64\USER32.dll
0x77090000 - 0x77120000 	C:\Windows\syswow64\GDI32.dll
0x75f00000 - 0x75f0a000 	C:\Windows\syswow64\LPK.dll
0x757b0000 - 0x7584d000 	C:\Windows\syswow64\USP10.dll
0x72e30000 - 0x72e62000 	C:\Windows\system32\WINMM.dll
0x75580000 - 0x755e0000 	C:\Windows\system32\IMM32.DLL
0x753b0000 - 0x7547c000 	C:\Windows\syswow64\MSCTF.dll
0x71410000 - 0x7145b000 	C:\Windows\system32\apphelp.dll
0x6d860000 - 0x6d86c000 	C:\Program Files (x86)\Java\jdk1.6.0_18\jre\bin\verify.dll
0x6d3e0000 - 0x6d3ff000 	C:\Program Files (x86)\Java\jdk1.6.0_18\jre\bin\java.dll
0x6d340000 - 0x6d348000 	C:\Program Files (x86)\Java\jdk1.6.0_18\jre\bin\hpi.dll
0x77590000 - 0x77595000 	C:\Windows\syswow64\PSAPI.DLL
0x6d8a0000 - 0x6d8af000 	C:\Program Files (x86)\Java\jdk1.6.0_18\jre\bin\zip.dll
0x6d0b0000 - 0x6d1fa000 	C:\Program Files (x86)\Java\jdk1.6.0_18\jre\bin\awt.dll
0x73280000 - 0x732d1000 	C:\Windows\system32\WINSPOOL.DRV
0x75250000 - 0x753ac000 	C:\Windows\syswow64\ole32.dll
0x72f60000 - 0x730fe000 	C:\Windows\WinSxS\x86_microsoft.windows.common-controls_6595b64144ccf1df_6.0.7600.16661_none_420fe3fa2b8113bd\COMCTL32.dll
0x77030000 - 0x77087000 	C:\Windows\syswow64\SHLWAPI.dll
0x75080000 - 0x75093000 	C:\Windows\system32\DWMAPI.DLL
0x71390000 - 0x71410000 	C:\Windows\system32\uxtheme.dll
0x6d2e0000 - 0x6d334000 	C:\Program Files (x86)\Java\jdk1.6.0_18\jre\bin\fontmanager.dll
0x763e0000 - 0x77029000 	C:\Windows\syswow64\shell32.dll
0x6d6c0000 - 0x6d6d3000 	C:\Program Files (x86)\Java\jdk1.6.0_18\jre\bin\net.dll
0x760a0000 - 0x760d5000 	C:\Windows\syswow64\WS2_32.dll
0x75d70000 - 0x75d76000 	C:\Windows\syswow64\NSI.dll
0x749e0000 - 0x74a1c000 	C:\Windows\system32\mswsock.dll
0x734b0000 - 0x734b6000 	C:\Windows\System32\wship6.dll
0x6d6e0000 - 0x6d6e9000 	C:\Program Files (x86)\Java\jdk1.6.0_18\jre\bin\nio.dll
0x75cc0000 - 0x75d43000 	C:\Windows\syswow64\CLBCatQ.DLL
0x759a0000 - 0x75a2f000 	C:\Windows\syswow64\OLEAUT32.dll
0x10000000 - 0x1004d000 	C:\Users\mwaldron74\Desktop\Stuff\Memeograph\lib\jogl\windows32\jogl.dll
0x6dc90000 - 0x6dd58000 	C:\Windows\system32\OPENGL32.dll
0x70d20000 - 0x70d42000 	C:\Windows\system32\GLU32.dll
0x6a130000 - 0x6a217000 	C:\Windows\system32\DDRAW.dll
0x04a00000 - 0x04a06000 	C:\Windows\system32\DCIMAN32.dll
0x75610000 - 0x757ad000 	C:\Windows\syswow64\SETUPAPI.dll
0x75220000 - 0x75247000 	C:\Windows\syswow64\CFGMGR32.dll
0x751a0000 - 0x751b2000 	C:\Windows\syswow64\DEVOBJ.dll
0x6d410000 - 0x6d416000 	C:\Program Files (x86)\Java\jdk1.6.0_18\jre\bin\jawt.dll
0x050d0000 - 0x050d5000 	C:\Users\mwaldron74\Desktop\Stuff\Memeograph\lib\jogl\windows32\jogl_awt.dll
0x06220000 - 0x067f2000 	C:\Windows\system32\ig4icd32.dll
0x06910000 - 0x06cce000 	C:\Windows\system32\ig4dev32.dll
0x74a20000 - 0x74a30000 	C:\Windows\system32\NLAapi.dll
0x74990000 - 0x749d4000 	C:\Windows\system32\DNSAPI.dll
0x74980000 - 0x74988000 	C:\Windows\System32\winrnr.dll
0x74970000 - 0x74980000 	C:\Windows\system32\napinsp.dll
0x74950000 - 0x74962000 	C:\Windows\system32\pnrpnsp.dll
0x74940000 - 0x7494d000 	C:\Windows\system32\wshbth.dll
0x74910000 - 0x74935000 	C:\Program Files (x86)\Bonjour\mdnsNSP.dll
0x748f0000 - 0x7490c000 	C:\Windows\system32\Iphlpapi.DLL
0x748e0000 - 0x748e7000 	C:\Windows\system32\WINNSI.DLL
0x73550000 - 0x73555000 	C:\Windows\System32\wshtcpip.dll
0x73480000 - 0x73486000 	C:\Windows\system32\rasadhlp.dll
0x73370000 - 0x733a8000 	C:\Windows\System32\fwpuclnt.dll

VM Arguments:
jvm_args: -Djava.library.path=C:\Users\mwaldron74\Desktop\Stuff\Memeograph\lib\jogl\windows32 
java_command: memeograph.Memeographer +useopengl=true +jdigrapher.savefile=graph.object  +sourcepath=src/examples/java -cp bin/examples/java BSTExample 
Launcher Type: SUN_STANDARD

Environment Variables:
CLASSPATH=.;C:\Program Files (x86)\Java\jre6\lib\ext\QTJava.zip
PATH=C:\Windows\system32;C:\Windows;C:\Windows\System32\Wbem;C:\Windows\System32\WindowsPowerShell\v1.0\;C:\Program Files (x86)\Common Files\Roxio Shared\10.0\DLLShared\;C:\Program Files (x86)\Common Files\Roxio Shared\DLLShared\;C:\Program Files (x86)\QuickTime\QTSystem\
USERNAME=mwaldron74
OS=Windows_NT
PROCESSOR_IDENTIFIER=Intel64 Family 6 Model 23 Stepping 10, GenuineIntel



---------------  S Y S T E M  ---------------

OS: Windows 7 Build 7600 

CPU:total 2 (2 cores per cpu, 1 threads per core) family 6 model 23 stepping 10, cmov, cx8, fxsr, mmx, sse, sse2, sse3, ssse3

Memory: 4k page, physical 4029460k(1944460k free), swap 8057024k(5592632k free)

vm_info: Java HotSpot(TM) Client VM (16.0-b13) for windows-x86 JRE (1.6.0_18-b07), built on Dec 17 2009 13:35:55 by "java_re" with MS VC++ 7.1 (VS2003)

time: Wed Apr 27 17:33:37 2011
elapsed time: 17 seconds

